2023-01-07 17:16:20【httpLog】{"method":"GET","url":"/","data":{},"startTime":"2023-01-07 17:16:20","endTime":"2023-01-07 17:16:20","timeLength":5}
2023-01-07 17:18:05【httpLog】{"method":"GET","url":"/","data":{},"startTime":"2023-01-07 17:18:05","endTime":"2023-01-07 17:18:05","timeLength":5}
2023-01-07 17:18:36【httpLog】{"method":"GET","url":"/","data":{},"startTime":"2023-01-07 17:18:36","endTime":"2023-01-07 17:18:36","timeLength":4}
2023-01-07 17:37:19【httpLog】{"method":"GET","url":"/","data":{},"startTime":"2023-01-07 17:37:19","endTime":"2023-01-07 17:37:19","timeLength":4}
2023-01-07 17:37:22【httpLog】{"method":"GET","url":"/newApplication","data":{},"startTime":"2023-01-07 17:37:22","endTime":"2023-01-07 17:37:22","timeLength":1}
2023-01-07 17:37:50【httpLog】{"method":"GET","url":"/newApplication","data":{},"startTime":"2023-01-07 17:37:50","endTime":"2023-01-07 17:37:50","timeLength":4}
2023-01-07 17:38:29【httpLog】{"method":"GET","url":"/newApplication","data":{},"startTime":"2023-01-07 17:38:29","endTime":"2023-01-07 17:38:29","timeLength":3}
2023-01-07 17:40:35【httpLog】{"method":"GET","url":"/newApplication","data":{},"startTime":"2023-01-07 17:40:35","endTime":"2023-01-07 17:40:35","timeLength":3}
2023-01-07 17:40:48【httpLog】{"method":"GET","url":"/newApplication","data":{},"startTime":"2023-01-07 17:40:48","endTime":"2023-01-07 17:40:48","timeLength":1}
2023-01-07 17:41:22【httpLog】{"method":"GET","url":"/newApplication","data":{},"startTime":"2023-01-07 17:41:22","endTime":"2023-01-07 17:41:22","timeLength":4}
2023-01-07 17:52:04【httpLog】{"method":"GET","url":"/newApplication","data":{},"startTime":"2023-01-07 17:52:04","endTime":"2023-01-07 17:52:04","timeLength":4}
2023-01-07 17:52:07【httpLog】{"method":"GET","url":"/newContext","data":{},"startTime":"2023-01-07 17:52:07","endTime":"2023-01-07 17:52:07","timeLength":1}
2023-01-07 17:52:25【httpLog】{"method":"GET","url":"/newContext?id=123","data":{},"startTime":"2023-01-07 17:52:25","endTime":"2023-01-07 17:52:25","timeLength":1}
2023-01-07 18:03:30【httpLog】{"method":"GET","url":"/newContext?id=123","data":{},"startTime":"2023-01-07 18:03:30","endTime":"2023-01-07 18:03:30","timeLength":5}
2023-01-07 18:03:54【httpLog】{"method":"GET","url":"/newRequest","data":{},"startTime":"2023-01-07 18:03:54","endTime":"2023-01-07 18:03:54","timeLength":2}
2023-01-07 18:06:06【httpLog】{"method":"GET","url":"/newRequest","data":{},"startTime":"2023-01-07 18:06:06","endTime":"2023-01-07 18:06:06","timeLength":4}
2023-01-07 18:12:11【httpLog】{"method":"GET","url":"/newResponse","data":{},"startTime":"2023-01-07 18:12:11","endTime":"2023-01-07 18:12:11","timeLength":4}
2023-01-07 18:12:28【httpLog】{"method":"GET","url":"/newResponse","data":{},"startTime":"2023-01-07 18:12:28","endTime":"2023-01-07 18:12:28","timeLength":2}
2023-01-07 18:13:50【httpLog】{"method":"GET","url":"/newResponse","data":{},"startTime":"2023-01-07 18:13:50","endTime":"2023-01-07 18:13:50","timeLength":6}
2023-01-07 18:24:29【httpLog】{"method":"GET","url":"/newResponse","data":{},"startTime":"2023-01-07 18:24:29","endTime":"2023-01-07 18:24:29","timeLength":4}
2023-01-07 18:27:52【httpLog】{"method":"GET","url":"/newResponse","data":{},"startTime":"2023-01-07 18:27:52","endTime":"2023-01-07 18:27:52","timeLength":1}
2023-01-07 18:39:30【httpLog】{"method":"GET","url":"/newResponse","data":{},"startTime":"2023-01-07 18:39:30","endTime":"2023-01-07 18:39:30","timeLength":4}
2023-01-07 23:40:01【httpLog】{"method":"GET","url":"/","data":{},"startTime":"2023-01-07 23:40:01","endTime":"2023-01-07 23:40:01","timeLength":4}
2023-01-07 23:49:44【httpLog】{"method":"GET","url":"/user/list","data":{},"startTime":"2023-01-07 23:49:44","endTime":"2023-01-07 23:49:44","timeLength":4}
2023-01-07 23:55:04【httpLog】{"method":"GET","url":"/user/getuser?id=12","data":{},"startTime":"2023-01-07 23:55:04","endTime":"2023-01-07 23:55:04","timeLength":6}
2023-01-07 23:55:05【httpLog】{"method":"GET","url":"/user/list","data":{},"startTime":"2023-01-07 23:55:05","endTime":"2023-01-07 23:55:05","timeLength":5}
2023-01-07 23:55:06【httpLog】{"method":"GET","url":"/user/list","data":{},"startTime":"2023-01-07 23:55:06","endTime":"2023-01-07 23:55:06","timeLength":2}
2023-01-07 23:56:16【httpLog】{"method":"GET","url":"/user/getuser","data":{},"startTime":"2023-01-07 23:56:16","endTime":"2023-01-07 23:56:16","timeLength":4}
2023-01-07 23:56:35【httpLog】{"method":"GET","url":"/user/getuser?id=1","data":{},"startTime":"2023-01-07 23:56:35","endTime":"2023-01-07 23:56:35","timeLength":6}
2023-01-07 23:57:25【httpLog】{"method":"GET","url":"/user/getuser?id=1","data":{},"startTime":"2023-01-07 23:57:25","endTime":"2023-01-07 23:57:25","timeLength":4}
2023-01-07 23:57:54【httpLog】{"method":"GET","url":"/user/getuser?id=1","data":{},"startTime":"2023-01-07 23:57:54","endTime":"2023-01-07 23:57:54","timeLength":4}
2023-01-07 23:57:55【httpLog】{"method":"GET","url":"/user/getuser?id=1","data":{},"startTime":"2023-01-07 23:57:55","endTime":"2023-01-07 23:57:55","timeLength":9}
2023-01-07 23:57:56【httpLog】{"method":"GET","url":"/user/getuser?id=1","data":{},"startTime":"2023-01-07 23:57:56","endTime":"2023-01-07 23:57:56","timeLength":4}
2023-01-07 23:57:56【httpLog】{"method":"GET","url":"/user/getuser?id=1","data":{},"startTime":"2023-01-07 23:57:56","endTime":"2023-01-07 23:57:56","timeLength":2}
2023-01-07 23:58:31【httpLog】{"method":"GET","url":"/user/getuser?id=1","data":{},"startTime":"2023-01-07 23:58:31","endTime":"2023-01-07 23:58:31","timeLength":4}
2023-01-07 23:58:31【httpLog】{"method":"GET","url":"/user/getuser?id=1","data":{},"startTime":"2023-01-07 23:58:31","endTime":"2023-01-07 23:58:31","timeLength":7}
2023-01-07 23:58:35【httpLog】{"method":"GET","url":"/user/getuser?id=1","data":{},"startTime":"2023-01-07 23:58:35","endTime":"2023-01-07 23:58:35","timeLength":3}
2023-01-08 09:20:02【httpLog】{"method":"GET","url":"/user/getuser?id=1","data":{},"startTime":"2023-01-08 09:20:02","endTime":"2023-01-08 09:20:02","timeLength":30}
2023-01-08 09:20:03【httpLog】{"method":"GET","url":"/user/getuser?id=1","data":{},"startTime":"2023-01-08 09:20:03","endTime":"2023-01-08 09:20:03","timeLength":3}
2023-01-08 09:26:13【httpLog】{"method":"GET","url":"/user/adduser?id=1","data":{},"startTime":"2023-01-08 09:26:13","endTime":"2023-01-08 09:26:13","timeLength":15}
2023-01-08 09:26:54【httpLog】{"method":"GET","url":"/user/adduser?name=lzc&pwd=123456","data":{},"startTime":"2023-01-08 09:26:54","endTime":"2023-01-08 09:26:54","timeLength":66}
2023-01-08 09:27:05【httpLog】{"method":"GET","url":"/user/adduser?name=lzc&pwd=123456","data":{},"startTime":"2023-01-08 09:27:05","endTime":"2023-01-08 09:27:05","timeLength":5}
2023-01-08 09:30:25【httpLog】{"method":"GET","url":"/user/edituser?id=1&name=lzc1&pwd=123456","data":{},"startTime":"2023-01-08 09:30:25","endTime":"2023-01-08 09:30:25","timeLength":15}
2023-01-08 09:33:21【httpLog】{"method":"GET","url":"/user/deluser?id=1&name=lzc1&pwd=123456","data":{},"startTime":"2023-01-08 09:33:21","endTime":"2023-01-08 09:33:21","timeLength":10}
2023-01-08 09:49:50【httpLog】{"method":"GET","url":"/user/findall","data":{},"startTime":"2023-01-08 09:49:50","endTime":"2023-01-08 09:49:50","timeLength":11}
2023-01-08 09:50:52【httpLog】{"method":"GET","url":"/user/findall","data":{},"startTime":"2023-01-08 09:50:52","endTime":"2023-01-08 09:50:52","timeLength":13}
2023-01-08 09:50:59【httpLog】{"method":"GET","url":"/user/findall","data":{},"startTime":"2023-01-08 09:50:59","endTime":"2023-01-08 09:50:59","timeLength":4}
2023-01-08 09:51:12【httpLog】{"method":"GET","url":"/user/findall","data":{},"startTime":"2023-01-08 09:51:12","endTime":"2023-01-08 09:51:12","timeLength":12}
2023-01-08 09:51:13【httpLog】{"method":"GET","url":"/user/findall","data":{},"startTime":"2023-01-08 09:51:13","endTime":"2023-01-08 09:51:13","timeLength":4}
2023-01-08 09:51:13【httpLog】{"method":"GET","url":"/user/findall","data":{},"startTime":"2023-01-08 09:51:13","endTime":"2023-01-08 09:51:13","timeLength":4}
2023-01-08 09:51:13【httpLog】{"method":"GET","url":"/user/findall","data":{},"startTime":"2023-01-08 09:51:13","endTime":"2023-01-08 09:51:13","timeLength":3}
2023-01-08 09:51:13【httpLog】{"method":"GET","url":"/user/findall","data":{},"startTime":"2023-01-08 09:51:13","endTime":"2023-01-08 09:51:13","timeLength":3}
2023-01-08 09:51:13【httpLog】{"method":"GET","url":"/user/findall","data":{},"startTime":"2023-01-08 09:51:13","endTime":"2023-01-08 09:51:13","timeLength":4}
2023-01-08 09:51:13【httpLog】{"method":"GET","url":"/user/findall","data":{},"startTime":"2023-01-08 09:51:13","endTime":"2023-01-08 09:51:13","timeLength":3}
2023-01-08 09:51:14【httpLog】{"method":"GET","url":"/user/findall","data":{},"startTime":"2023-01-08 09:51:14","endTime":"2023-01-08 09:51:14","timeLength":3}
2023-01-08 09:51:14【httpLog】{"method":"GET","url":"/user/findall","data":{},"startTime":"2023-01-08 09:51:14","endTime":"2023-01-08 09:51:14","timeLength":2}
2023-01-08 09:51:14【httpLog】{"method":"GET","url":"/user/findall","data":{},"startTime":"2023-01-08 09:51:14","endTime":"2023-01-08 09:51:14","timeLength":3}
2023-01-08 09:51:14【httpLog】{"method":"GET","url":"/user/findall","data":{},"startTime":"2023-01-08 09:51:14","endTime":"2023-01-08 09:51:14","timeLength":3}
2023-01-08 09:51:14【httpLog】{"method":"GET","url":"/user/findall","data":{},"startTime":"2023-01-08 09:51:14","endTime":"2023-01-08 09:51:14","timeLength":3}
2023-01-08 09:51:14【httpLog】{"method":"GET","url":"/user/findall","data":{},"startTime":"2023-01-08 09:51:14","endTime":"2023-01-08 09:51:14","timeLength":1}
2023-01-08 09:51:14【httpLog】{"method":"GET","url":"/user/findall","data":{},"startTime":"2023-01-08 09:51:14","endTime":"2023-01-08 09:51:14","timeLength":3}
2023-01-08 09:51:15【httpLog】{"method":"GET","url":"/user/findall","data":{},"startTime":"2023-01-08 09:51:15","endTime":"2023-01-08 09:51:15","timeLength":4}
2023-01-08 09:51:15【httpLog】{"method":"GET","url":"/user/findall","data":{},"startTime":"2023-01-08 09:51:15","endTime":"2023-01-08 09:51:15","timeLength":2}
2023-01-08 09:51:25【httpLog】{"method":"GET","url":"/user/findall","data":{},"startTime":"2023-01-08 09:51:25","endTime":"2023-01-08 09:51:25","timeLength":11}
2023-01-08 09:51:26【httpLog】{"method":"GET","url":"/user/findall","data":{},"startTime":"2023-01-08 09:51:26","endTime":"2023-01-08 09:51:26","timeLength":4}
2023-01-08 09:51:33【httpLog】{"method":"GET","url":"/user/findall","data":{},"startTime":"2023-01-08 09:51:33","endTime":"2023-01-08 09:51:33","timeLength":10}
2023-01-08 09:51:39【httpLog】{"method":"GET","url":"/user/findall","data":{},"startTime":"2023-01-08 09:51:39","endTime":"2023-01-08 09:51:39","timeLength":13}
2023-01-08 09:54:27【httpLog】{"method":"GET","url":"/user/getUser","data":{},"startTime":"2023-01-08 09:54:27","endTime":"2023-01-08 09:54:27","timeLength":2}
2023-01-08 09:54:30【httpLog】{"method":"GET","url":"/user/getuser?id=1","data":{},"startTime":"2023-01-08 09:54:30","endTime":"2023-01-08 09:54:30","timeLength":12}
2023-01-08 09:54:34【httpLog】{"method":"GET","url":"/user/getuser?id=2","data":{},"startTime":"2023-01-08 09:54:34","endTime":"2023-01-08 09:54:34","timeLength":5}
2023-01-08 09:54:46【httpLog】{"method":"GET","url":"/user/getuser?id=3","data":{},"startTime":"2023-01-08 09:54:46","endTime":"2023-01-08 09:54:46","timeLength":7}
2023-01-08 09:55:53【httpLog】{"method":"GET","url":"/user/addUser?name=lzc5&pwd=555555","data":{},"startTime":"2023-01-08 09:55:53","endTime":"2023-01-08 09:55:53","timeLength":2}
2023-01-08 09:56:06【httpLog】{"method":"GET","url":"/user/adduser?name=lzc5&pwd=555555","data":{},"startTime":"2023-01-08 09:56:06","endTime":"2023-01-08 09:56:06","timeLength":53}
2023-01-08 09:59:22【httpLog】{"method":"GET","url":"/user/edituser","data":{},"startTime":"2023-01-08 09:59:22","endTime":"2023-01-08 09:59:22","timeLength":4}
2023-01-08 09:59:29【httpLog】{"method":"GET","url":"/user/edituser?id=1","data":{},"startTime":"2023-01-08 09:59:29","endTime":"2023-01-08 09:59:29","timeLength":14}
2023-01-08 09:59:34【httpLog】{"method":"GET","url":"/user/edituser?id=2","data":{},"startTime":"2023-01-08 09:59:34","endTime":"2023-01-08 09:59:34","timeLength":7}
2023-01-08 09:59:43【httpLog】{"method":"GET","url":"/user/edituser?id=2&name=lzc2222","data":{},"startTime":"2023-01-08 09:59:43","endTime":"2023-01-08 09:59:43","timeLength":15}
2023-01-08 10:01:36【httpLog】{"method":"GET","url":"/user/deluser?id=1&name=lzc1&pwd=123456","data":{},"startTime":"2023-01-08 10:01:36","endTime":"2023-01-08 10:01:36","timeLength":15}
2023-01-08 10:01:41【httpLog】{"method":"GET","url":"/user/deluser?id=2&name=lzc1&pwd=123456","data":{},"startTime":"2023-01-08 10:01:41","endTime":"2023-01-08 10:01:41","timeLength":32}
